<?xml version="1.0" encoding="UTF-8"?>
<!-- Generated by org.testng.reporters.JUnitReportReporter -->
<testsuite hostname="DESKTOP-3VUS7CK" failures="0" tests="1" name="com.dataProviders.TestngDataProviders" time="12.384" errors="0" timestamp="2022-01-22T16:14:47 IST" skipped="0">
  <testcase classname="com.dataProviders.TestngDataProviders" name="Registrationpage" time="12.384"/>
  <system-out/>
</testsuite> <!-- com.dataProviders.TestngDataProviders -->
