<?xml version="1.0" encoding="UTF-8"?>
<!-- Generated by org.testng.reporters.JUnitReportReporter -->
<testsuite hostname="DESKTOP-3VUS7CK" failures="0" tests="2" name="com.testng.GoogleTestValidation" time="9.617" errors="0" timestamp="2022-01-21T22:21:29 IST" skipped="0">
  <testcase classname="com.testng.GoogleTestValidation" name="searchtext" time="5.032"/>
  <system-out/>
  <testcase classname="com.testng.GoogleTestValidation" name="googletitletext" time="4.585"/>
  <system-out/>
</testsuite> <!-- com.testng.GoogleTestValidation -->
