<?xml version="1.0" encoding="UTF-8"?>
<!-- Generated by org.testng.reporters.JUnitReportReporter -->
<testsuite hostname="DESKTOP-3VUS7CK" failures="0" tests="3" name="com.testng.Googetext" time="20.167" errors="0" timestamp="2022-01-21T22:21:29 IST" skipped="0">
  <testcase classname="com.testng.Googetext" name="googletitletext" time="5.326"/>
  <system-out/>
  <testcase classname="com.testng.Googetext" name="googlelogo" time="5.010"/>
  <system-out/>
  <testcase classname="com.testng.Googetext" name="searchtext" time="9.831"/>
  <system-out/>
</testsuite> <!-- com.testng.Googetext -->
