<?xml version="1.0" encoding="UTF-8"?>
<!-- Generated by org.testng.reporters.JUnitReportReporter -->
<testsuite hostname="DESKTOP-3VUS7CK" failures="0" tests="3" name="com.testng.TestNGFeature" time="0.023" errors="0" timestamp="2022-01-21T21:43:29 IST" skipped="0">
  <testcase classname="com.testng.TestNGFeature" name="loginTest" time="0.017"/>
  <system-out/>
  <testcase classname="com.testng.TestNGFeature" name="Check" time="0.002"/>
  <system-out/>
  <testcase classname="com.testng.TestNGFeature" name="HomePageTest" time="0.004"/>
  <system-out/>
</testsuite> <!-- com.testng.TestNGFeature -->
