<?xml version="1.0" encoding="UTF-8"?>
<!-- Generated by org.testng.reporters.JUnitReportReporter -->
<testsuite hostname="DESKTOP-3VUS7CK" failures="0" tests="1" name="Logging.log" time="4.783" errors="0" timestamp="2022-01-26T20:02:20 IST" skipped="0">
  <testcase classname="Logging.log" name="errorlogging" time="4.783"/>
  <system-out/>
</testsuite> <!-- Logging.log -->
