<?xml version="1.0" encoding="UTF-8"?>
<!-- Generated by org.testng.reporters.JUnitReportReporter -->
<testsuite hostname="DESKTOP-3VUS7CK" failures="0" tests="10" name="com.testng.InvocationCount" time="0.064" errors="0" timestamp="2022-01-21T21:45:57 IST" skipped="0">
  <testcase classname="com.testng.InvocationCount" name="sum" time="0.003"/>
  <system-out/>
  <testcase classname="com.testng.InvocationCount" name="sum" time="0.019"/>
  <system-out/>
  <testcase classname="com.testng.InvocationCount" name="sum" time="0.004"/>
  <system-out/>
  <testcase classname="com.testng.InvocationCount" name="sum" time="0.003"/>
  <system-out/>
  <testcase classname="com.testng.InvocationCount" name="sum" time="0.003"/>
  <system-out/>
  <testcase classname="com.testng.InvocationCount" name="sum" time="0.019"/>
  <system-out/>
  <testcase classname="com.testng.InvocationCount" name="sum" time="0.005"/>
  <system-out/>
  <testcase classname="com.testng.InvocationCount" name="sum" time="0.004"/>
  <system-out/>
  <testcase classname="com.testng.InvocationCount" name="sum" time="0.002"/>
  <system-out/>
  <testcase classname="com.testng.InvocationCount" name="sum" time="0.002"/>
  <system-out/>
</testsuite> <!-- com.testng.InvocationCount -->
