<?xml version="1.0" encoding="UTF-8"?>
<!-- Generated by org.testng.reporters.JUnitReportReporter -->
<testsuite hostname="DESKTOP-3VUS7CK" failures="0" tests="1" name="com.parameters.ParameterTest" time="13.051" errors="0" timestamp="2022-01-26T12:52:42 IST" skipped="0">
  <testcase classname="com.parameters.ParameterTest" name="YahoologinTest" time="13.051"/>
  <system-out/>
</testsuite> <!-- com.parameters.ParameterTest -->
