<?xml version="1.0" encoding="UTF-8"?>
<!-- Generated by org.testng.reporters.JUnitReportReporter -->
<testsuite hostname="DESKTOP-3VUS7CK" failures="0" tests="1" name="com.testng.FluentWait" time="28.615" errors="0" timestamp="2022-01-31T17:16:42 IST" skipped="0">
  <testcase classname="com.testng.FluentWait" name="fluentwait" time="28.615"/>
  <system-out/>
</testsuite> <!-- com.testng.FluentWait -->
