<?xml version="1.0" encoding="UTF-8"?>
<!-- Generated by org.testng.reporters.JUnitReportReporter -->
<testsuite hostname="DESKTOP-3VUS7CK" failures="0" tests="2" name="com.testng.Testngbasics" time="0.016" errors="0" timestamp="2022-01-21T18:43:31 IST" skipped="0">
  <testcase classname="com.testng.Testngbasics" name="googletitletext" time="0.008"/>
  <system-out/>
  <testcase classname="com.testng.Testngbasics" name="Websitetitletext" time="0.008"/>
  <system-out/>
</testsuite> <!-- com.testng.Testngbasics -->
