<?xml version="1.0" encoding="UTF-8"?>
<!-- Generated by org.testng.reporters.JUnitReportReporter -->
<testsuite hostname="DESKTOP-3VUS7CK" failures="0" tests="2" name="crossBrowsers.ParallelTesting" time="20.336" errors="0" timestamp="2022-01-31T19:27:44 IST" skipped="0">
  <testcase classname="crossBrowsers.ParallelTesting" name="Verifytitle" time="14.647"/>
  <system-out/>
  <testcase classname="crossBrowsers.ParallelTesting" name="Verifytitle" time="5.689"/>
  <system-out/>
</testsuite> <!-- crossBrowsers.ParallelTesting -->
