<?xml version="1.0" encoding="UTF-8"?>
<!-- Generated by org.testng.reporters.JUnitReportReporter -->
<testsuite hostname="DESKTOP-3VUS7CK" failures="0" tests="2" name="getRequest.getData" time="7.192" errors="0" timestamp="2022-01-28T11:29:49 IST" skipped="0">
  <testcase classname="getRequest.getData" name="testResponse" time="0.694"/>
  <system-out/>
  <testcase classname="getRequest.getData" name="testBody" time="6.498"/>
  <system-out/>
</testsuite> <!-- getRequest.getData -->
